<?xml version="1.0" encoding="UTF-8"?>
<!-- Generated by org.testng.reporters.JUnitXMLReporter -->
<testsuite hostname="DESKTOP-90AU9QL" ignored="0" name="RestAssured Test" tests="6" failures="3" timestamp="20 mar 2018 01:09:23 GMT" time="5.15" errors="0">
  <testcase name="postTweet" time="1.932" classname="com.udemy.statuses.TwitterWorkflowTest">
    <failure type="java.lang.AssertionError" message="1 expectation failed.
Expected status code &amp;lt;200&amp;gt; but was &amp;lt;403&amp;gt;.
">
      <![CDATA[java.lang.AssertionError: 1 expectation failed.
Expected status code <200> but was <403>.

at org.codehaus.groovy.runtime.callsite.ConstructorSite$ConstructorSiteNoUnwrap.callConstructor(ConstructorSite.java:84)
at org.codehaus.groovy.runtime.callsite.CallSiteArray.defaultCallConstructor(CallSiteArray.java:60)
at org.codehaus.groovy.runtime.callsite.AbstractCallSite.callConstructor(AbstractCallSite.java:235)
at org.codehaus.groovy.runtime.callsite.AbstractCallSite.callConstructor(AbstractCallSite.java:247)
at io.restassured.internal.ResponseSpecificationImpl$HamcrestAssertionClosure.validate(ResponseSpecificationImpl.groovy:482)
at io.restassured.internal.ResponseSpecificationImpl$HamcrestAssertionClosure$validate$1.call(Unknown Source)
at org.codehaus.groovy.runtime.callsite.CallSiteArray.defaultCall(CallSiteArray.java:48)
at org.codehaus.groovy.runtime.callsite.AbstractCallSite.call(AbstractCallSite.java:113)
at org.codehaus.groovy.runtime.callsite.AbstractCallSite.call(AbstractCallSite.java:125)
at io.restassured.internal.ResponseSpecificationImpl.validate(ResponseSpecificationImpl.groovy:90)
at io.restassured.internal.ValidatableResponseOptionsImpl.specification(ValidatableResponseOptionsImpl.java:317)
at io.restassured.internal.ValidatableResponseOptionsImpl.spec(ValidatableResponseOptionsImpl.java:298)
at com.udemy.statuses.TwitterWorkflowTest.postTweet(TwitterWorkflowTest.java:37)
... Removed 31 stack frames]]>
    </failure>
  </testcase> <!-- postTweet -->
  <testcase name="readTweet" time="0.0" classname="com.udemy.statuses.TwitterWorkflowTest">
    <skipped/>
  </testcase> <!-- readTweet -->
  <testcase name="deleteTweet" time="0.0" classname="com.udemy.statuses.TwitterWorkflowTest">
    <skipped/>
  </testcase> <!-- deleteTweet -->
  <testcase name="readTweets" time="1.361" classname="com.udemy.statuses.UserTimelineTest">
    <failure type="java.lang.AssertionError" message="1 expectation failed.
JSON path [2].retweeted_status.user.name doesn&amp;apos;t match.
Expected: Julia Mengolini
  Actual: Juan Amorín
">
      <![CDATA[java.lang.AssertionError: 1 expectation failed.
JSON path [2].retweeted_status.user.name doesn't match.
Expected: Julia Mengolini
  Actual: Juan Amorín

at org.codehaus.groovy.runtime.callsite.ConstructorSite$ConstructorSiteNoUnwrap.callConstructor(ConstructorSite.java:84)
at org.codehaus.groovy.runtime.callsite.AbstractCallSite.callConstructor(AbstractCallSite.java:247)
at io.restassured.internal.ResponseSpecificationImpl$HamcrestAssertionClosure.validate(ResponseSpecificationImpl.groovy:482)
at io.restassured.internal.ResponseSpecificationImpl$HamcrestAssertionClosure$validate$1.call(Unknown Source)
at io.restassured.internal.ResponseSpecificationImpl.validateResponseIfRequired(ResponseSpecificationImpl.groovy:654)
at org.codehaus.groovy.runtime.callsite.PogoMetaMethodSite$PogoCachedMethodSiteNoUnwrapNoCoerce.invoke(PogoMetaMethodSite.java:210)
at org.codehaus.groovy.runtime.callsite.PogoMetaMethodSite.callCurrent(PogoMetaMethodSite.java:59)
at org.codehaus.groovy.runtime.callsite.AbstractCallSite.callCurrent(AbstractCallSite.java:166)
at io.restassured.internal.ResponseSpecificationImpl.content(ResponseSpecificationImpl.groovy:276)
at io.restassured.specification.ResponseSpecification$content$1.callCurrent(Unknown Source)
at io.restassured.internal.ResponseSpecificationImpl.body(ResponseSpecificationImpl.groovy:259)
at io.restassured.internal.ValidatableResponseOptionsImpl.body(ValidatableResponseOptionsImpl.java:274)
at com.udemy.statuses.UserTimelineTest.readTweets(UserTimelineTest.java:41)
... Removed 35 stack frames]]>
    </failure>
  </testcase> <!-- readTweets -->
  <testcase name="readThreeLatestTweets" time="0.603" classname="com.udemy.statuses.UserTimelineTest">
    <failure type="java.lang.AssertionError" message="1 expectation failed.
JSON path [2].retweeted_status.user.name doesn&amp;apos;t match.
Expected: Julia Mengolini
  Actual: Juan Amorín
">
      <![CDATA[java.lang.AssertionError: 1 expectation failed.
JSON path [2].retweeted_status.user.name doesn't match.
Expected: Julia Mengolini
  Actual: Juan Amorín

at org.codehaus.groovy.runtime.callsite.ConstructorSite$ConstructorSiteNoUnwrap.callConstructor(ConstructorSite.java:84)
at org.codehaus.groovy.runtime.callsite.AbstractCallSite.callConstructor(AbstractCallSite.java:247)
at io.restassured.internal.ResponseSpecificationImpl$HamcrestAssertionClosure.validate(ResponseSpecificationImpl.groovy:482)
at io.restassured.internal.ResponseSpecificationImpl$HamcrestAssertionClosure$validate$1.call(Unknown Source)
at io.restassured.internal.ResponseSpecificationImpl.validateResponseIfRequired(ResponseSpecificationImpl.groovy:654)
at org.codehaus.groovy.runtime.callsite.PogoMetaMethodSite$PogoCachedMethodSiteNoUnwrapNoCoerce.invoke(PogoMetaMethodSite.java:210)
at org.codehaus.groovy.runtime.callsite.PogoMetaMethodSite.callCurrent(PogoMetaMethodSite.java:59)
at org.codehaus.groovy.runtime.callsite.AbstractCallSite.callCurrent(AbstractCallSite.java:166)
at io.restassured.internal.ResponseSpecificationImpl.content(ResponseSpecificationImpl.groovy:276)
at io.restassured.specification.ResponseSpecification$content$1.callCurrent(Unknown Source)
at io.restassured.internal.ResponseSpecificationImpl.body(ResponseSpecificationImpl.groovy:259)
at io.restassured.internal.ValidatableResponseOptionsImpl.body(ValidatableResponseOptionsImpl.java:274)
at com.udemy.statuses.UserTimelineTest.readThreeLatestTweets(UserTimelineTest.java:58)
... Removed 35 stack frames]]>
    </failure>
  </testcase> <!-- readThreeLatestTweets -->
  <testcase name="readTweetsResponse" time="0.577" classname="com.udemy.statuses.UserTimelineTest"/>
</testsuite> <!-- RestAssured Test -->
